
> pi-de@0.1.0 dev
> vite

Port 5180 is in use, trying another one...

  VITE v6.4.1  ready in 128 ms

  ➜  Local:   http://localhost:5181/
  ➜  Network: use --host to expose
  ➜  press h + enter to show help
8:03:08 PM [vite] (client) hmr update /src/App.tsx
8:03:28 PM [vite] (client) hmr update /src/App.css
8:04:44 PM [vite] (client) hmr update /src/App.tsx
8:04:48 PM [vite] (client) hmr update /src/App.css
8:06:08 PM [vite] (client) hmr update /src/App.tsx
8:06:13 PM [vite] (client) hmr update /src/App.tsx
8:06:43 PM [vite] (client) hmr update /src/App.tsx
8:08:23 PM [vite] (client) hmr update /src/App.tsx
8:08:58 PM [vite] (client) hmr update /src/App.tsx
8:09:11 PM [vite] (client) hmr update /src/App.tsx
8:10:25 PM [vite] (client) hmr update /src/App.tsx
8:10:31 PM [vite] (client) hmr update /src/App.tsx
8:10:34 PM [vite] (client) hmr update /src/App.tsx
8:10:42 PM [vite] (client) hmr update /src/App.tsx
8:10:45 PM [vite] (client) hmr update /src/App.tsx
8:10:48 PM [vite] (client) hmr update /src/App.tsx
8:12:12 PM [vite] (client) hmr update /src/App.tsx
